<?xml version="1.0" encoding="UTF-8"?>
<testng-results ignored="0" total="2" passed="2" failed="0" skipped="0">
  <reporter-output>
  </reporter-output>
  <suite started-at="2022-06-14T12:25:03 IST" name="AmazonTest" finished-at="2022-06-14T12:26:12 IST" duration-ms="68365">
    <groups>
    </groups>
    <test started-at="2022-06-14T12:25:03 IST" name="Samsung Test" finished-at="2022-06-14T12:26:12 IST" duration-ms="68365">
      <class name="amazon.test.AmazonPageTest">
        <test-method is-config="true" signature="setUp()[pri:0, instance:amazon.test.AmazonPageTest@2fba3fc4]" started-at="2022-06-14T12:25:03 IST" name="setUp" finished-at="2022-06-14T12:25:30 IST" duration-ms="26836" status="PASS">
          <reporter-output>
          </reporter-output>
        </test-method> <!-- setUp -->
        <test-method signature="verifyAmazonPageTitleTest()[pri:1, instance:amazon.test.AmazonPageTest@2fba3fc4]" started-at="2022-06-14T12:25:30 IST" name="verifyAmazonPageTitleTest" finished-at="2022-06-14T12:25:30 IST" duration-ms="69" status="PASS">
          <reporter-output>
          </reporter-output>
        </test-method> <!-- verifyAmazonPageTitleTest -->
        <test-method is-config="true" signature="deinitialize()[pri:0, instance:amazon.test.AmazonPageTest@2fba3fc4]" started-at="2022-06-14T12:25:30 IST" name="deinitialize" finished-at="2022-06-14T12:25:32 IST" duration-ms="1375" status="PASS">
          <reporter-output>
          </reporter-output>
        </test-method> <!-- deinitialize -->
        <test-method is-config="true" signature="setUp()[pri:0, instance:amazon.test.AmazonPageTest@2fba3fc4]" started-at="2022-06-14T12:25:32 IST" name="setUp" finished-at="2022-06-14T12:25:54 IST" duration-ms="22878" status="PASS">
          <reporter-output>
          </reporter-output>
        </test-method> <!-- setUp -->
        <test-method signature="performActionsOnAmazonPage()[pri:2, instance:amazon.test.AmazonPageTest@2fba3fc4]" started-at="2022-06-14T12:25:54 IST" name="performActionsOnAmazonPage" finished-at="2022-06-14T12:26:11 IST" duration-ms="16271" status="PASS">
          <reporter-output>
          </reporter-output>
        </test-method> <!-- performActionsOnAmazonPage -->
        <test-method is-config="true" signature="deinitialize()[pri:0, instance:amazon.test.AmazonPageTest@2fba3fc4]" started-at="2022-06-14T12:26:11 IST" name="deinitialize" finished-at="2022-06-14T12:26:12 IST" duration-ms="889" status="PASS">
          <reporter-output>
          </reporter-output>
        </test-method> <!-- deinitialize -->
      </class> <!-- amazon.test.AmazonPageTest -->
    </test> <!-- Samsung Test -->
  </suite> <!-- AmazonTest -->
</testng-results>
